{"C:\\Users\\paddy\\OneDrive\\Desktop\\Backups\\340CT-Test\\BackEnd\\server\\modules\\DataLayer.js": {"path":"C:\\Users\\paddy\\OneDrive\\Desktop\\Backups\\340CT-Test\\BackEnd\\server\\modules\\DataLayer.js","statementMap":{"0":{"start":{"line":2,"column":16},"end":{"line":2,"column":44}},"1":{"start":{"line":3,"column":15},"end":{"line":3,"column":32}},"2":{"start":{"line":4,"column":11},"end":{"line":4,"column":13}},"3":{"start":{"line":5,"column":11},"end":{"line":8,"column":2}},"4":{"start":{"line":6,"column":1},"end":{"line":6,"column":43}},"5":{"start":{"line":6,"column":10},"end":{"line":6,"column":43}},"6":{"start":{"line":7,"column":1},"end":{"line":7,"column":64}},"7":{"start":{"line":9,"column":0},"end":{"line":21,"column":1}},"8":{"start":{"line":11,"column":14},"end":{"line":12,"column":46}},"9":{"start":{"line":13,"column":4},"end":{"line":20,"column":6}},"10":{"start":{"line":14,"column":4},"end":{"line":18,"column":9}},"11":{"start":{"line":15,"column":8},"end":{"line":15,"column":25}},"12":{"start":{"line":17,"column":12},"end":{"line":17,"column":38}},"13":{"start":{"line":22,"column":0},"end":{"line":34,"column":1}},"14":{"start":{"line":24,"column":14},"end":{"line":25,"column":53}},"15":{"start":{"line":26,"column":4},"end":{"line":33,"column":6}},"16":{"start":{"line":27,"column":4},"end":{"line":31,"column":9}},"17":{"start":{"line":28,"column":8},"end":{"line":28,"column":25}},"18":{"start":{"line":30,"column":12},"end":{"line":30,"column":38}},"19":{"start":{"line":35,"column":0},"end":{"line":48,"column":1}},"20":{"start":{"line":37,"column":14},"end":{"line":38,"column":78}},"21":{"start":{"line":39,"column":4},"end":{"line":47,"column":6}},"22":{"start":{"line":40,"column":4},"end":{"line":45,"column":9}},"23":{"start":{"line":41,"column":8},"end":{"line":41,"column":25}},"24":{"start":{"line":42,"column":8},"end":{"line":42,"column":36}},"25":{"start":{"line":44,"column":12},"end":{"line":44,"column":38}},"26":{"start":{"line":50,"column":0},"end":{"line":72,"column":1}},"27":{"start":{"line":51,"column":19},"end":{"line":51,"column":21}},"28":{"start":{"line":52,"column":19},"end":{"line":52,"column":83}},"29":{"start":{"line":54,"column":4},"end":{"line":57,"column":5}},"30":{"start":{"line":56,"column":8},"end":{"line":56,"column":81}},"31":{"start":{"line":58,"column":14},"end":{"line":58,"column":83}},"32":{"start":{"line":59,"column":4},"end":{"line":71,"column":6}},"33":{"start":{"line":60,"column":4},"end":{"line":69,"column":9}},"34":{"start":{"line":60,"column":12},"end":{"line":60,"column":29}},"35":{"start":{"line":61,"column":8},"end":{"line":61,"column":36}},"36":{"start":{"line":63,"column":25},"end":{"line":67,"column":13}},"37":{"start":{"line":68,"column":12},"end":{"line":68,"column":38}},"38":{"start":{"line":74,"column":0},"end":{"line":84,"column":1}},"39":{"start":{"line":75,"column":14},"end":{"line":75,"column":94}},"40":{"start":{"line":76,"column":4},"end":{"line":83,"column":6}},"41":{"start":{"line":77,"column":4},"end":{"line":81,"column":9}},"42":{"start":{"line":77,"column":12},"end":{"line":77,"column":29}},"43":{"start":{"line":78,"column":8},"end":{"line":78,"column":36}},"44":{"start":{"line":80,"column":12},"end":{"line":80,"column":38}},"45":{"start":{"line":86,"column":0},"end":{"line":102,"column":1}},"46":{"start":{"line":87,"column":10},"end":{"line":87,"column":12}},"47":{"start":{"line":88,"column":1},"end":{"line":90,"column":2}},"48":{"start":{"line":89,"column":2},"end":{"line":89,"column":66}},"49":{"start":{"line":91,"column":1},"end":{"line":101,"column":6}},"50":{"start":{"line":92,"column":8},"end":{"line":93,"column":41}},"51":{"start":{"line":92,"column":17},"end":{"line":92,"column":44}},"52":{"start":{"line":93,"column":12},"end":{"line":93,"column":40}},"53":{"start":{"line":94,"column":8},"end":{"line":100,"column":9}},"54":{"start":{"line":96,"column":12},"end":{"line":96,"column":39}},"55":{"start":{"line":99,"column":12},"end":{"line":99,"column":40}},"56":{"start":{"line":104,"column":0},"end":{"line":118,"column":5}},"57":{"start":{"line":105,"column":14},"end":{"line":105,"column":16}},"58":{"start":{"line":106,"column":12},"end":{"line":106,"column":59}},"59":{"start":{"line":107,"column":8},"end":{"line":117,"column":10}},"60":{"start":{"line":108,"column":12},"end":{"line":116,"column":13}},"61":{"start":{"line":109,"column":16},"end":{"line":109,"column":42}},"62":{"start":{"line":110,"column":16},"end":{"line":110,"column":44}},"63":{"start":{"line":115,"column":16},"end":{"line":115,"column":45}},"64":{"start":{"line":121,"column":4},"end":{"line":135,"column":9}},"65":{"start":{"line":122,"column":18},"end":{"line":122,"column":20}},"66":{"start":{"line":123,"column":16},"end":{"line":123,"column":63}},"67":{"start":{"line":124,"column":12},"end":{"line":134,"column":14}},"68":{"start":{"line":125,"column":16},"end":{"line":133,"column":17}},"69":{"start":{"line":126,"column":20},"end":{"line":126,"column":46}},"70":{"start":{"line":127,"column":20},"end":{"line":127,"column":48}},"71":{"start":{"line":132,"column":20},"end":{"line":132,"column":49}},"72":{"start":{"line":137,"column":0},"end":{"line":150,"column":5}},"73":{"start":{"line":138,"column":14},"end":{"line":138,"column":16}},"74":{"start":{"line":139,"column":12},"end":{"line":139,"column":59}},"75":{"start":{"line":140,"column":8},"end":{"line":149,"column":10}},"76":{"start":{"line":141,"column":12},"end":{"line":144,"column":13}},"77":{"start":{"line":142,"column":16},"end":{"line":142,"column":43}},"78":{"start":{"line":143,"column":16},"end":{"line":143,"column":44}},"79":{"start":{"line":146,"column":12},"end":{"line":148,"column":44}},"80":{"start":{"line":148,"column":16},"end":{"line":148,"column":43}},"81":{"start":{"line":151,"column":4},"end":{"line":162,"column":9}},"82":{"start":{"line":152,"column":18},"end":{"line":152,"column":20}},"83":{"start":{"line":153,"column":16},"end":{"line":153,"column":60}},"84":{"start":{"line":154,"column":12},"end":{"line":161,"column":14}},"85":{"start":{"line":155,"column":16},"end":{"line":156,"column":49}},"86":{"start":{"line":155,"column":25},"end":{"line":155,"column":52}},"87":{"start":{"line":156,"column":20},"end":{"line":156,"column":48}},"88":{"start":{"line":157,"column":16},"end":{"line":160,"column":17}},"89":{"start":{"line":159,"column":20},"end":{"line":159,"column":47}},"90":{"start":{"line":163,"column":8},"end":{"line":175,"column":13}},"91":{"start":{"line":164,"column":22},"end":{"line":164,"column":24}},"92":{"start":{"line":165,"column":20},"end":{"line":165,"column":67}},"93":{"start":{"line":166,"column":16},"end":{"line":174,"column":18}},"94":{"start":{"line":167,"column":20},"end":{"line":167,"column":53}},"95":{"start":{"line":167,"column":27},"end":{"line":167,"column":53}},"96":{"start":{"line":168,"column":37},"end":{"line":171,"column":25}},"97":{"start":{"line":172,"column":24},"end":{"line":172,"column":52}},"98":{"start":{"line":177,"column":12},"end":{"line":185,"column":17}},"99":{"start":{"line":178,"column":26},"end":{"line":178,"column":28}},"100":{"start":{"line":179,"column":24},"end":{"line":179,"column":68}},"101":{"start":{"line":180,"column":20},"end":{"line":184,"column":22}},"102":{"start":{"line":181,"column":24},"end":{"line":181,"column":57}},"103":{"start":{"line":181,"column":31},"end":{"line":181,"column":57}},"104":{"start":{"line":182,"column":28},"end":{"line":182,"column":67}},"105":{"start":{"line":186,"column":16},"end":{"line":197,"column":17}},"106":{"start":{"line":187,"column":26},"end":{"line":187,"column":66}},"107":{"start":{"line":188,"column":20},"end":{"line":196,"column":22}},"108":{"start":{"line":189,"column":20},"end":{"line":194,"column":25}},"109":{"start":{"line":189,"column":28},"end":{"line":189,"column":45}},"110":{"start":{"line":190,"column":24},"end":{"line":190,"column":50}},"111":{"start":{"line":193,"column":28},"end":{"line":193,"column":54}}},"fnMap":{"0":{"name":"(anonymous_0)","decl":{"start":{"line":5,"column":50},"end":{"line":5,"column":51}},"loc":{"start":{"line":5,"column":59},"end":{"line":8,"column":1}},"line":5},"1":{"name":"(anonymous_1)","decl":{"start":{"line":9,"column":29},"end":{"line":9,"column":30}},"loc":{"start":{"line":9,"column":62},"end":{"line":21,"column":1}},"line":9},"2":{"name":"(anonymous_2)","decl":{"start":{"line":13,"column":16},"end":{"line":13,"column":17}},"loc":{"start":{"line":13,"column":23},"end":{"line":20,"column":5}},"line":13},"3":{"name":"(anonymous_3)","decl":{"start":{"line":22,"column":30},"end":{"line":22,"column":31}},"loc":{"start":{"line":22,"column":70},"end":{"line":34,"column":1}},"line":22},"4":{"name":"(anonymous_4)","decl":{"start":{"line":26,"column":16},"end":{"line":26,"column":17}},"loc":{"start":{"line":26,"column":23},"end":{"line":33,"column":5}},"line":26},"5":{"name":"(anonymous_5)","decl":{"start":{"line":35,"column":26},"end":{"line":35,"column":27}},"loc":{"start":{"line":35,"column":80},"end":{"line":48,"column":1}},"line":35},"6":{"name":"(anonymous_6)","decl":{"start":{"line":39,"column":16},"end":{"line":39,"column":17}},"loc":{"start":{"line":39,"column":23},"end":{"line":47,"column":5}},"line":39},"7":{"name":"(anonymous_7)","decl":{"start":{"line":50,"column":32},"end":{"line":50,"column":33}},"loc":{"start":{"line":50,"column":57},"end":{"line":72,"column":1}},"line":50},"8":{"name":"(anonymous_8)","decl":{"start":{"line":59,"column":16},"end":{"line":59,"column":17}},"loc":{"start":{"line":59,"column":23},"end":{"line":71,"column":5}},"line":59},"9":{"name":"(anonymous_9)","decl":{"start":{"line":74,"column":33},"end":{"line":74,"column":34}},"loc":{"start":{"line":74,"column":70},"end":{"line":84,"column":1}},"line":74},"10":{"name":"(anonymous_10)","decl":{"start":{"line":76,"column":16},"end":{"line":76,"column":17}},"loc":{"start":{"line":76,"column":23},"end":{"line":83,"column":5}},"line":76},"11":{"name":"(anonymous_11)","decl":{"start":{"line":86,"column":37},"end":{"line":86,"column":38}},"loc":{"start":{"line":86,"column":63},"end":{"line":102,"column":1}},"line":86},"12":{"name":"(anonymous_12)","decl":{"start":{"line":91,"column":25},"end":{"line":91,"column":26}},"loc":{"start":{"line":91,"column":39},"end":{"line":101,"column":5}},"line":91},"13":{"name":"(anonymous_13)","decl":{"start":{"line":104,"column":27},"end":{"line":104,"column":28}},"loc":{"start":{"line":104,"column":44},"end":{"line":118,"column":5}},"line":104},"14":{"name":"(anonymous_14)","decl":{"start":{"line":107,"column":25},"end":{"line":107,"column":26}},"loc":{"start":{"line":107,"column":42},"end":{"line":117,"column":9}},"line":107},"15":{"name":"(anonymous_15)","decl":{"start":{"line":121,"column":35},"end":{"line":121,"column":36}},"loc":{"start":{"line":121,"column":52},"end":{"line":135,"column":9}},"line":121},"16":{"name":"(anonymous_16)","decl":{"start":{"line":124,"column":29},"end":{"line":124,"column":30}},"loc":{"start":{"line":124,"column":46},"end":{"line":134,"column":13}},"line":124},"17":{"name":"(anonymous_17)","decl":{"start":{"line":137,"column":32},"end":{"line":137,"column":33}},"loc":{"start":{"line":137,"column":52},"end":{"line":150,"column":5}},"line":137},"18":{"name":"(anonymous_18)","decl":{"start":{"line":140,"column":27},"end":{"line":140,"column":28}},"loc":{"start":{"line":140,"column":41},"end":{"line":149,"column":9}},"line":140},"19":{"name":"(anonymous_19)","decl":{"start":{"line":151,"column":33},"end":{"line":151,"column":34}},"loc":{"start":{"line":151,"column":54},"end":{"line":162,"column":9}},"line":151},"20":{"name":"(anonymous_20)","decl":{"start":{"line":154,"column":32},"end":{"line":154,"column":33}},"loc":{"start":{"line":154,"column":46},"end":{"line":161,"column":13}},"line":154},"21":{"name":"(anonymous_21)","decl":{"start":{"line":163,"column":31},"end":{"line":163,"column":32}},"loc":{"start":{"line":163,"column":51},"end":{"line":175,"column":13}},"line":163},"22":{"name":"(anonymous_22)","decl":{"start":{"line":166,"column":35},"end":{"line":166,"column":36}},"loc":{"start":{"line":166,"column":52},"end":{"line":174,"column":17}},"line":166},"23":{"name":"(anonymous_23)","decl":{"start":{"line":177,"column":41},"end":{"line":177,"column":42}},"loc":{"start":{"line":177,"column":62},"end":{"line":185,"column":17}},"line":177},"24":{"name":"(anonymous_24)","decl":{"start":{"line":180,"column":40},"end":{"line":180,"column":41}},"loc":{"start":{"line":180,"column":57},"end":{"line":184,"column":21}},"line":180},"25":{"name":"(anonymous_25)","decl":{"start":{"line":186,"column":45},"end":{"line":186,"column":46}},"loc":{"start":{"line":186,"column":62},"end":{"line":197,"column":17}},"line":186},"26":{"name":"(anonymous_26)","decl":{"start":{"line":188,"column":32},"end":{"line":188,"column":33}},"loc":{"start":{"line":188,"column":39},"end":{"line":196,"column":21}},"line":188}},"branchMap":{"0":{"loc":{"start":{"line":6,"column":1},"end":{"line":6,"column":43}},"type":"if","locations":[{"start":{"line":6,"column":1},"end":{"line":6,"column":43}},{"start":{"line":6,"column":1},"end":{"line":6,"column":43}}],"line":6},"1":{"loc":{"start":{"line":14,"column":4},"end":{"line":18,"column":9}},"type":"if","locations":[{"start":{"line":14,"column":4},"end":{"line":18,"column":9}},{"start":{"line":14,"column":4},"end":{"line":18,"column":9}}],"line":14},"2":{"loc":{"start":{"line":27,"column":4},"end":{"line":31,"column":9}},"type":"if","locations":[{"start":{"line":27,"column":4},"end":{"line":31,"column":9}},{"start":{"line":27,"column":4},"end":{"line":31,"column":9}}],"line":27},"3":{"loc":{"start":{"line":40,"column":4},"end":{"line":45,"column":9}},"type":"if","locations":[{"start":{"line":40,"column":4},"end":{"line":45,"column":9}},{"start":{"line":40,"column":4},"end":{"line":45,"column":9}}],"line":40},"4":{"loc":{"start":{"line":60,"column":4},"end":{"line":69,"column":9}},"type":"if","locations":[{"start":{"line":60,"column":4},"end":{"line":69,"column":9}},{"start":{"line":60,"column":4},"end":{"line":69,"column":9}}],"line":60},"5":{"loc":{"start":{"line":77,"column":4},"end":{"line":81,"column":9}},"type":"if","locations":[{"start":{"line":77,"column":4},"end":{"line":81,"column":9}},{"start":{"line":77,"column":4},"end":{"line":81,"column":9}}],"line":77},"6":{"loc":{"start":{"line":88,"column":1},"end":{"line":90,"column":2}},"type":"if","locations":[{"start":{"line":88,"column":1},"end":{"line":90,"column":2}},{"start":{"line":88,"column":1},"end":{"line":90,"column":2}}],"line":88},"7":{"loc":{"start":{"line":88,"column":4},"end":{"line":88,"column":28}},"type":"binary-expr","locations":[{"start":{"line":88,"column":4},"end":{"line":88,"column":14}},{"start":{"line":88,"column":18},"end":{"line":88,"column":28}}],"line":88},"8":{"loc":{"start":{"line":92,"column":8},"end":{"line":93,"column":41}},"type":"if","locations":[{"start":{"line":92,"column":8},"end":{"line":93,"column":41}},{"start":{"line":92,"column":8},"end":{"line":93,"column":41}}],"line":92},"9":{"loc":{"start":{"line":94,"column":8},"end":{"line":100,"column":9}},"type":"if","locations":[{"start":{"line":94,"column":8},"end":{"line":100,"column":9}},{"start":{"line":94,"column":8},"end":{"line":100,"column":9}}],"line":94},"10":{"loc":{"start":{"line":108,"column":12},"end":{"line":116,"column":13}},"type":"if","locations":[{"start":{"line":108,"column":12},"end":{"line":116,"column":13}},{"start":{"line":108,"column":12},"end":{"line":116,"column":13}}],"line":108},"11":{"loc":{"start":{"line":125,"column":16},"end":{"line":133,"column":17}},"type":"if","locations":[{"start":{"line":125,"column":16},"end":{"line":133,"column":17}},{"start":{"line":125,"column":16},"end":{"line":133,"column":17}}],"line":125},"12":{"loc":{"start":{"line":141,"column":12},"end":{"line":144,"column":13}},"type":"if","locations":[{"start":{"line":141,"column":12},"end":{"line":144,"column":13}},{"start":{"line":141,"column":12},"end":{"line":144,"column":13}}],"line":141},"13":{"loc":{"start":{"line":146,"column":12},"end":{"line":148,"column":44}},"type":"if","locations":[{"start":{"line":146,"column":12},"end":{"line":148,"column":44}},{"start":{"line":146,"column":12},"end":{"line":148,"column":44}}],"line":146},"14":{"loc":{"start":{"line":155,"column":16},"end":{"line":156,"column":49}},"type":"if","locations":[{"start":{"line":155,"column":16},"end":{"line":156,"column":49}},{"start":{"line":155,"column":16},"end":{"line":156,"column":49}}],"line":155},"15":{"loc":{"start":{"line":157,"column":16},"end":{"line":160,"column":17}},"type":"if","locations":[{"start":{"line":157,"column":16},"end":{"line":160,"column":17}},{"start":{"line":157,"column":16},"end":{"line":160,"column":17}}],"line":157},"16":{"loc":{"start":{"line":167,"column":20},"end":{"line":167,"column":53}},"type":"if","locations":[{"start":{"line":167,"column":20},"end":{"line":167,"column":53}},{"start":{"line":167,"column":20},"end":{"line":167,"column":53}}],"line":167},"17":{"loc":{"start":{"line":181,"column":24},"end":{"line":181,"column":57}},"type":"if","locations":[{"start":{"line":181,"column":24},"end":{"line":181,"column":57}},{"start":{"line":181,"column":24},"end":{"line":181,"column":57}}],"line":181},"18":{"loc":{"start":{"line":189,"column":20},"end":{"line":194,"column":25}},"type":"if","locations":[{"start":{"line":189,"column":20},"end":{"line":194,"column":25}},{"start":{"line":189,"column":20},"end":{"line":194,"column":25}}],"line":189}},"s":{"0":1,"1":1,"2":1,"3":1,"4":0,"5":0,"6":0,"7":1,"8":1,"9":1,"10":0,"11":0,"12":0,"13":1,"14":1,"15":1,"16":0,"17":0,"18":0,"19":1,"20":1,"21":1,"22":0,"23":0,"24":0,"25":0,"26":1,"27":1,"28":1,"29":1,"30":5,"31":1,"32":1,"33":0,"34":0,"35":0,"36":0,"37":0,"38":1,"39":1,"40":1,"41":0,"42":0,"43":0,"44":0,"45":1,"46":0,"47":0,"48":0,"49":0,"50":0,"51":0,"52":0,"53":0,"54":0,"55":0,"56":1,"57":1,"58":1,"59":1,"60":0,"61":0,"62":0,"63":0,"64":1,"65":1,"66":1,"67":1,"68":0,"69":0,"70":0,"71":0,"72":1,"73":1,"74":1,"75":1,"76":0,"77":0,"78":0,"79":0,"80":0,"81":1,"82":1,"83":1,"84":1,"85":0,"86":0,"87":0,"88":0,"89":0,"90":1,"91":1,"92":1,"93":1,"94":0,"95":0,"96":0,"97":0,"98":1,"99":1,"100":1,"101":1,"102":0,"103":0,"104":0,"105":1,"106":0,"107":0,"108":0,"109":0,"110":0,"111":0},"f":{"0":0,"1":1,"2":0,"3":1,"4":0,"5":1,"6":0,"7":1,"8":0,"9":1,"10":0,"11":0,"12":0,"13":1,"14":0,"15":1,"16":0,"17":1,"18":0,"19":1,"20":0,"21":1,"22":0,"23":1,"24":0,"25":0,"26":0},"b":{"0":[0,0],"1":[0,0],"2":[0,0],"3":[0,0],"4":[0,0],"5":[0,0],"6":[0,0],"7":[0,0],"8":[0,0],"9":[0,0],"10":[0,0],"11":[0,0],"12":[0,0],"13":[0,0],"14":[0,0],"15":[0,0],"16":[0,0],"17":[0,0],"18":[0,0]},"_coverageSchema":"332fd63041d2c1bcb487cc26dd0d5f7d97098a6c","hash":"14d90a3cc565ff56ebc88cf601dcd6c7aaa2f371"}
}
