TN:
SF:C:\Users\paddy\OneDrive\Desktop\Backups\340CT-Test\BackEnd\server\modules\DataLayer.js
FN:5,(anonymous_0)
FN:9,(anonymous_1)
FN:13,(anonymous_2)
FN:22,(anonymous_3)
FN:26,(anonymous_4)
FN:35,(anonymous_5)
FN:39,(anonymous_6)
FN:50,(anonymous_7)
FN:59,(anonymous_8)
FN:74,(anonymous_9)
FN:76,(anonymous_10)
FN:86,(anonymous_11)
FN:91,(anonymous_12)
FN:104,(anonymous_13)
FN:107,(anonymous_14)
FN:121,(anonymous_15)
FN:124,(anonymous_16)
FN:137,(anonymous_17)
FN:140,(anonymous_18)
FN:151,(anonymous_19)
FN:154,(anonymous_20)
FN:163,(anonymous_21)
FN:166,(anonymous_22)
FN:177,(anonymous_23)
FN:180,(anonymous_24)
FN:186,(anonymous_25)
FN:188,(anonymous_26)
FNF:27
FNH:11
FNDA:0,(anonymous_0)
FNDA:1,(anonymous_1)
FNDA:0,(anonymous_2)
FNDA:1,(anonymous_3)
FNDA:0,(anonymous_4)
FNDA:1,(anonymous_5)
FNDA:0,(anonymous_6)
FNDA:1,(anonymous_7)
FNDA:0,(anonymous_8)
FNDA:1,(anonymous_9)
FNDA:0,(anonymous_10)
FNDA:0,(anonymous_11)
FNDA:0,(anonymous_12)
FNDA:1,(anonymous_13)
FNDA:0,(anonymous_14)
FNDA:1,(anonymous_15)
FNDA:0,(anonymous_16)
FNDA:1,(anonymous_17)
FNDA:0,(anonymous_18)
FNDA:1,(anonymous_19)
FNDA:0,(anonymous_20)
FNDA:1,(anonymous_21)
FNDA:0,(anonymous_22)
FNDA:1,(anonymous_23)
FNDA:0,(anonymous_24)
FNDA:0,(anonymous_25)
FNDA:0,(anonymous_26)
DA:2,1
DA:3,1
DA:4,1
DA:5,1
DA:6,0
DA:7,0
DA:9,1
DA:11,1
DA:13,1
DA:14,0
DA:15,0
DA:17,0
DA:22,1
DA:24,1
DA:26,1
DA:27,0
DA:28,0
DA:30,0
DA:35,1
DA:37,1
DA:39,1
DA:40,0
DA:41,0
DA:42,0
DA:44,0
DA:50,1
DA:51,1
DA:52,1
DA:54,1
DA:56,5
DA:58,1
DA:59,1
DA:60,0
DA:61,0
DA:63,0
DA:68,0
DA:74,1
DA:75,1
DA:76,1
DA:77,0
DA:78,0
DA:80,0
DA:86,1
DA:87,0
DA:88,0
DA:89,0
DA:91,0
DA:92,0
DA:93,0
DA:94,0
DA:96,0
DA:99,0
DA:104,1
DA:105,1
DA:106,1
DA:107,1
DA:108,0
DA:109,0
DA:110,0
DA:115,0
DA:121,1
DA:122,1
DA:123,1
DA:124,1
DA:125,0
DA:126,0
DA:127,0
DA:132,0
DA:137,1
DA:138,1
DA:139,1
DA:140,1
DA:141,0
DA:142,0
DA:143,0
DA:146,0
DA:148,0
DA:151,1
DA:152,1
DA:153,1
DA:154,1
DA:155,0
DA:156,0
DA:157,0
DA:159,0
DA:163,1
DA:164,1
DA:165,1
DA:166,1
DA:167,0
DA:168,0
DA:172,0
DA:177,1
DA:178,1
DA:179,1
DA:180,1
DA:181,0
DA:182,0
DA:186,1
DA:187,0
DA:188,0
DA:189,0
DA:190,0
DA:193,0
LF:104
LH:49
BRDA:6,0,0,0
BRDA:6,0,1,0
BRDA:14,1,0,0
BRDA:14,1,1,0
BRDA:27,2,0,0
BRDA:27,2,1,0
BRDA:40,3,0,0
BRDA:40,3,1,0
BRDA:60,4,0,0
BRDA:60,4,1,0
BRDA:77,5,0,0
BRDA:77,5,1,0
BRDA:88,6,0,0
BRDA:88,6,1,0
BRDA:88,7,0,0
BRDA:88,7,1,0
BRDA:92,8,0,0
BRDA:92,8,1,0
BRDA:94,9,0,0
BRDA:94,9,1,0
BRDA:108,10,0,0
BRDA:108,10,1,0
BRDA:125,11,0,0
BRDA:125,11,1,0
BRDA:141,12,0,0
BRDA:141,12,1,0
BRDA:146,13,0,0
BRDA:146,13,1,0
BRDA:155,14,0,0
BRDA:155,14,1,0
BRDA:157,15,0,0
BRDA:157,15,1,0
BRDA:167,16,0,0
BRDA:167,16,1,0
BRDA:181,17,0,0
BRDA:181,17,1,0
BRDA:189,18,0,0
BRDA:189,18,1,0
BRF:38
BRH:0
end_of_record
